#
# There is insufficient memory for the Java Runtime Environment to continue.
# Native memory allocation (mmap) failed to map 264241152 bytes for G1 virtual space
# Possible reasons:
#   The system is out of physical RAM or swap space
#   The process is running with CompressedOops enabled, and the Java Heap may be blocking the growth of the native heap
# Possible solutions:
#   Reduce memory load on the system
#   Increase physical memory or swap space
#   Check if swap backing store is full
#   Decrease Java heap size (-Xmx/-Xms)
#   Decrease number of Java threads
#   Decrease Java thread stack sizes (-Xss)
#   Set larger code cache with -XX:ReservedCodeCacheSize=
#   JVM is running with Zero Based Compressed Oops mode in which the Java heap is
#     placed in the first 32GB address space. The Java Heap base address is the
#     maximum limit for the native heap growth. Please use -XX:HeapBaseMinAddress
#     to set the Java Heap base and to place the Java Heap above 32GB virtual address.
# This output file may be truncated or incomplete.
#
#  Out of Memory Error (os_windows.cpp:3825), pid=1216, tid=9052
#
# JRE version:  (17.0.9) (build )
# Java VM: OpenJDK 64-Bit Server VM (17.0.9+0--11185874, mixed mode, sharing, tiered, compressed oops, compressed class ptrs, g1 gc, windows-amd64)
# No core dump will be written. Minidumps are not enabled by default on client versions of Windows
#

---------------  S U M M A R Y ------------

Command Line: org.jetbrains.kotlin.cli.jvm.K2JVMCompiler @C:\Users\TechLine\AndroidStudioProjects\MyNotesApp\app\build\20240409_1959877469116933921.compiler.options

Host: 12th Gen Intel(R) Core(TM) i5-12450H, 12 cores, 15G,  Windows 11 , 64 bit Build 22621 (10.0.22621.3374)
Time: Tue Apr  9 18:44:29 2024  Windows 11 , 64 bit Build 22621 (10.0.22621.3374) elapsed time: 0.007738 seconds (0d 0h 0m 0s)

---------------  T H R E A D  ---------------

Current thread (0x0000026b57f68440):  JavaThread "Unknown thread" [_thread_in_vm, id=9052, stack(0x000000dcd5200000,0x000000dcd5300000)]

Stack: [0x000000dcd5200000,0x000000dcd5300000]
Native frames: (J=compiled Java code, j=interpreted, Vv=VM code, C=native code)
V  [jvm.dll+0x6886e9]
V  [jvm.dll+0x841e4a]
V  [jvm.dll+0x843a8e]
V  [jvm.dll+0x8440f3]
V  [jvm.dll+0x24c14f]
V  [jvm.dll+0x685499]
V  [jvm.dll+0x679c2a]
V  [jvm.dll+0x30cf9b]
V  [jvm.dll+0x314446]
V  [jvm.dll+0x36425e]
V  [jvm.dll+0x36448f]
V  [jvm.dll+0x2e2d68]
V  [jvm.dll+0x2e3cd4]
V  [jvm.dll+0x8129f1]
V  [jvm.dll+0x3720c1]
V  [jvm.dll+0x7f152c]
V  [jvm.dll+0x3f5d4f]
V  [jvm.dll+0x3f7981]
C  [jli.dll+0x528f]
C  [ucrtbase.dll+0x29333]
C  [KERNEL32.DLL+0x1257d]
C  [ntdll.dll+0x5aa48]


---------------  P R O C E S S  ---------------

Threads class SMR info:
_java_thread_list=0x00007ffb7626ef18, length=0, elements={
}

Java Threads: ( => current thread )

Other Threads:
  0x0000026b57fd5cb0 GCTaskThread "GC Thread#0" [stack: 0x000000dcd5300000,0x000000dcd5400000] [id=14376]
  0x0000026b57fe6780 ConcurrentGCThread "G1 Main Marker" [stack: 0x000000dcd5400000,0x000000dcd5500000] [id=196]
  0x0000026b57fe71a0 ConcurrentGCThread "G1 Conc#0" [stack: 0x000000dcd5500000,0x000000dcd5600000] [id=18380]

[error occurred during error reporting (printing all threads), id 0xc0000005, EXCEPTION_ACCESS_VIOLATION (0xc0000005) at pc=0x00007ffb75a23937]

VM state: not at safepoint (not fully initialized)

VM Mutex/Monitor currently owned by a thread:  ([mutex/lock_event])
[0x0000026b57f65760] Heap_lock - owner thread: 0x0000026b57f68440

Heap address: 0x0000000704800000, size: 4024 MB, Compressed Oops mode: Zero based, Oop shift amount: 3

CDS archive(s) mapped at: [0x0000000000000000-0x0000000000000000-0x0000000000000000), size 0, SharedBaseAddress: 0x0000000800000000, ArchiveRelocationMode: 1.
Narrow klass base: 0x0000000000000000, Narrow klass shift: 0, Narrow klass range: 0x0

GC Precious Log:
<Empty>

Heap:
 garbage-first heap   total 0K, used 0K [0x0000000704800000, 0x0000000800000000)
  region size 2048K, 0 young (0K), 0 survivors (0K)
 Metaspace       used 0K, committed 0K, reserved 0K
  class space    used 0K, committed 0K, reserved 0K

Heap Regions: E=young(eden), S=young(survivor), O=old, HS=humongous(starts), HC=humongous(continues), CS=collection set, F=free, OA=open archive, CA=closed archive, TAMS=top-at-mark-start (previous, next)

Card table byte_map: [0x0000026b6b180000,0x0000026b6b960000] _byte_map_base: 0x0000026b6795c000

Marking Bits (Prev, Next): (CMBitMap*) 0x0000026b57fd62d0, (CMBitMap*) 0x0000026b57fd6310
 Prev Bits: [0x0000026b6c140000, 0x0000026b70020000)
 Next Bits: [0x0000026b70020000, 0x0000026b73f00000)

GC Heap History (0 events):
No events

Dll operation events (1 events):
Event: 0.004 Loaded shared library C:\Program Files\Android\Android Studio\jbr\bin\java.dll

Deoptimization events (0 events):
No events

Classes unloaded (0 events):
No events

Classes redefined (0 events):
No events

Internal exceptions (0 events):
No events

VM Operations (0 events):
No events

Events (0 events):
No events


Dynamic libraries:
0x00007ff64e190000 - 0x00007ff64e19a000 	C:\Program Files\Android\Android Studio\jbr\bin\java.exe
0x00007ffbeb9f0000 - 0x00007ffbebc06000 	C:\WINDOWS\SYSTEM32\ntdll.dll
0x00007ffbeb5d0000 - 0x00007ffbeb694000 	C:\WINDOWS\System32\KERNEL32.DLL
0x00007ffbe8d10000 - 0x00007ffbe90b7000 	C:\WINDOWS\System32\KERNELBASE.dll
0x00007ffbe90c0000 - 0x00007ffbe91d1000 	C:\WINDOWS\System32\ucrtbase.dll
0x00007ffbd8700000 - 0x00007ffbd871b000 	C:\Program Files\Android\Android Studio\jbr\bin\VCRUNTIME140.dll
0x00007ffbcffb0000 - 0x00007ffbcffc7000 	C:\Program Files\Android\Android Studio\jbr\bin\jli.dll
0x00007ffbeab40000 - 0x00007ffbeacee000 	C:\WINDOWS\System32\USER32.dll
0x00007ffbe91e0000 - 0x00007ffbe9206000 	C:\WINDOWS\System32\win32u.dll
0x00007ffbcbc70000 - 0x00007ffbcbf03000 	C:\WINDOWS\WinSxS\amd64_microsoft.windows.common-controls_6595b64144ccf1df_6.0.22621.3235_none_270f74e173860f98\COMCTL32.dll
0x00007ffbeb7b0000 - 0x00007ffbeb7d9000 	C:\WINDOWS\System32\GDI32.dll
0x00007ffbeaa70000 - 0x00007ffbeab17000 	C:\WINDOWS\System32\msvcrt.dll
0x00007ffbe92e0000 - 0x00007ffbe93f9000 	C:\WINDOWS\System32\gdi32full.dll
0x00007ffbe9210000 - 0x00007ffbe92aa000 	C:\WINDOWS\System32\msvcp_win.dll
0x00007ffbe9ff0000 - 0x00007ffbea021000 	C:\WINDOWS\System32\IMM32.DLL
0x00007ffbe3c10000 - 0x00007ffbe3c1c000 	C:\Program Files\Android\Android Studio\jbr\bin\vcruntime140_1.dll
0x00007ffbbd7e0000 - 0x00007ffbbd86d000 	C:\Program Files\Android\Android Studio\jbr\bin\msvcp140.dll
0x00007ffb75730000 - 0x00007ffb763b3000 	C:\Program Files\Android\Android Studio\jbr\bin\server\jvm.dll
0x00007ffbea510000 - 0x00007ffbea5c2000 	C:\WINDOWS\System32\ADVAPI32.dll
0x00007ffbe9de0000 - 0x00007ffbe9e88000 	C:\WINDOWS\System32\sechost.dll
0x00007ffbe92b0000 - 0x00007ffbe92d8000 	C:\WINDOWS\System32\bcrypt.dll
0x00007ffbea950000 - 0x00007ffbeaa65000 	C:\WINDOWS\System32\RPCRT4.dll
0x00007ffbe7bc0000 - 0x00007ffbe7c0d000 	C:\WINDOWS\SYSTEM32\POWRPROF.dll
0x00007ffbdb480000 - 0x00007ffbdb48a000 	C:\WINDOWS\SYSTEM32\VERSION.dll
0x00007ffbe0770000 - 0x00007ffbe07a4000 	C:\WINDOWS\SYSTEM32\WINMM.dll
0x00007ffbe3c30000 - 0x00007ffbe3c39000 	C:\WINDOWS\SYSTEM32\WSOCK32.dll
0x00007ffbea030000 - 0x00007ffbea0a1000 	C:\WINDOWS\System32\WS2_32.dll
0x00007ffbe7ba0000 - 0x00007ffbe7bb3000 	C:\WINDOWS\SYSTEM32\UMPDC.dll
0x00007ffbe7e50000 - 0x00007ffbe7e68000 	C:\WINDOWS\SYSTEM32\kernel.appcore.dll
0x00007ffbe3410000 - 0x00007ffbe341a000 	C:\Program Files\Android\Android Studio\jbr\bin\jimage.dll
0x00007ffbe6590000 - 0x00007ffbe67c3000 	C:\WINDOWS\SYSTEM32\DBGHELP.DLL
0x00007ffbea0d0000 - 0x00007ffbea458000 	C:\WINDOWS\System32\combase.dll
0x00007ffbea5d0000 - 0x00007ffbea6a7000 	C:\WINDOWS\System32\OLEAUT32.dll
0x00007ffbd9ba0000 - 0x00007ffbd9bd2000 	C:\WINDOWS\SYSTEM32\dbgcore.DLL
0x00007ffbe9400000 - 0x00007ffbe9479000 	C:\WINDOWS\System32\bcryptPrimitives.dll
0x00007ffbe0cd0000 - 0x00007ffbe0cf5000 	C:\Program Files\Android\Android Studio\jbr\bin\java.dll

dbghelp: loaded successfully - version: 4.0.5 - missing functions: none
symbol engine: initialized successfully - sym options: 0x614 - pdb path: .;C:\Program Files\Android\Android Studio\jbr\bin;C:\WINDOWS\SYSTEM32;C:\WINDOWS\WinSxS\amd64_microsoft.windows.common-controls_6595b64144ccf1df_6.0.22621.3235_none_270f74e173860f98;C:\Program Files\Android\Android Studio\jbr\bin\server

VM Arguments:
java_command: org.jetbrains.kotlin.cli.jvm.K2JVMCompiler @C:\Users\TechLine\AndroidStudioProjects\MyNotesApp\app\build\20240409_1959877469116933921.compiler.options
java_class_path (initial): C:\Users\TechLine\.gradle\caches\modules-2\files-2.1\org.jetbrains.kotlin\kotlin-compiler-embeddable\1.9.0\2c8c3a7402becca891f12739b3e9fd2dc2adbd7a\kotlin-compiler-embeddable-1.9.0.jar;C:\Users\TechLine\.gradle\caches\modules-2\files-2.1\org.jetbrains.kotlin\kotlin-stdlib\1.9.0\8ee15ef0c67dc83d874f412d84378d7f0eb50b63\kotlin-stdlib-1.9.0.jar;C:\Users\TechLine\.gradle\caches\modules-2\files-2.1\org.jetbrains.kotlin\kotlin-script-runtime\1.9.0\4b3102cbbb7e1b58d9d1adf89563f00069ffa7d1\kotlin-script-runtime-1.9.0.jar;C:\Users\TechLine\.gradle\caches\modules-2\files-2.1\org.jetbrains.kotlin\kotlin-reflect\1.6.10\1cbe9c92c12a94eea200d23c2bbaedaf3daf5132\kotlin-reflect-1.6.10.jar;C:\Users\TechLine\.gradle\caches\modules-2\files-2.1\org.jetbrains.kotlin\kotlin-daemon-embeddable\1.9.0\186543f5e28cf8d9a0290fecc2cf34301c40a65c\kotlin-daemon-embeddable-1.9.0.jar;C:\Users\TechLine\.gradle\caches\modules-2\files-2.1\org.jetbrains.intellij.deps\trove4j\1.0.20200330\3afb14d5f9ceb459d724e907a21145e8ff394f02\trove4j-1.0.20200330.jar;C:\Users\TechLine\.gradle\caches\modules-2\files-2.1\org.jetbrains.kotlin\kotlin-stdlib-common\1.9.0\cd65c21cfd1eec4d44ef09f9f52b6d9f8a720636\kotlin-stdlib-common-1.9.0.jar;C:\Users\TechLine\.gradle\caches\modules-2\files-2.1\org.jetbrains\annotations\13.0\919f0dfe192fb4e063e7dacadee7f8bb9a2672a9\annotations-13.0.jar
Launcher Type: SUN_STANDARD

[Global flags]
     intx CICompilerCount                          = 4                                         {product} {ergonomic}
     uint ConcGCThreads                            = 3                                         {product} {ergonomic}
     uint G1ConcRefinementThreads                  = 10                                        {product} {ergonomic}
   size_t G1HeapRegionSize                         = 2097152                                   {product} {ergonomic}
    uintx GCDrainStackTargetSize                   = 64                                        {product} {ergonomic}
   size_t InitialHeapSize                          = 264241152                                 {product} {ergonomic}
   size_t MarkStackSize                            = 4194304                                   {product} {ergonomic}
   size_t MaxHeapSize                              = 4219469824                                {product} {ergonomic}
   size_t MinHeapDeltaBytes                        = 2097152                                   {product} {ergonomic}
   size_t MinHeapSize                              = 8388608                                   {product} {ergonomic}
    uintx NonNMethodCodeHeapSize                   = 5839372                                {pd product} {ergonomic}
    uintx NonProfiledCodeHeapSize                  = 122909434                              {pd product} {ergonomic}
    uintx ProfiledCodeHeapSize                     = 122909434                              {pd product} {ergonomic}
    uintx ReservedCodeCacheSize                    = 251658240                              {pd product} {ergonomic}
     bool SegmentedCodeCache                       = true                                      {product} {ergonomic}
   size_t SoftMaxHeapSize                          = 4219469824                             {manageable} {ergonomic}
     bool UseCompressedClassPointers               = true                           {product lp64_product} {ergonomic}
     bool UseCompressedOops                        = true                           {product lp64_product} {ergonomic}
     bool UseG1GC                                  = true                                      {product} {ergonomic}
     bool UseLargePagesIndividualAllocation        = false                                  {pd product} {ergonomic}

Logging:
Log output configuration:
 #0: stdout all=warning uptime,level,tags
 #1: stderr all=off uptime,level,tags

Environment Variables:
PATH=C:\WINDOWS\system32;C:\WINDOWS;C:\WINDOWS\System32\Wbem;C:\WINDOWS\System32\WindowsPowerShell\v1.0\;C:\WINDOWS\System32\OpenSSH\;C:\Program Files (x86)\NVIDIA Corporation\PhysX\Common;D:\Git\cmd;C:\Users\TechLine\AppData\Local\Microsoft\WindowsApps;C:\Program Files\JetBrains\IntelliJ IDEA 2023.3.2\bin;
USERNAME=TechLine
OS=Windows_NT
PROCESSOR_IDENTIFIER=Intel64 Family 6 Model 154 Stepping 3, GenuineIntel
TMP=C:\Users\TechLine\AppData\Local\Temp
TEMP=C:\Users\TechLine\AppData\Local\Temp



Periodic native trim disabled

JNI global refs:
JNI global refs: 0, weak refs: 0

JNI global refs memory usage: 0, weak refs: 0

OOME stack traces (most recent first):
Classloader memory used:


---------------  S Y S T E M  ---------------

OS:
 Windows 11 , 64 bit Build 22621 (10.0.22621.3374)
OS uptime: 2 days 2:36 hours

CPU: total 12 (initial active 12) (6 cores per cpu, 2 threads per core) family 6 model 154 stepping 3 microcode 0x419, cx8, cmov, fxsr, ht, mmx, 3dnowpref, sse, sse2, sse3, ssse3, sse4.1, sse4.2, popcnt, lzcnt, tsc, tscinvbit, avx, avx2, aes, erms, clmul, bmi1, bmi2, adx, sha, fma, vzeroupper, clflush, clflushopt, clwb
Processor Information for processor 0
  Max Mhz: 2000, Current Mhz: 2000, Mhz Limit: 2000
Processor Information for processor 1
  Max Mhz: 2000, Current Mhz: 2000, Mhz Limit: 2000
Processor Information for processor 2
  Max Mhz: 2000, Current Mhz: 2000, Mhz Limit: 2000
Processor Information for processor 3
  Max Mhz: 2000, Current Mhz: 2000, Mhz Limit: 2000
Processor Information for processor 4
  Max Mhz: 2000, Current Mhz: 2000, Mhz Limit: 2000
Processor Information for processor 5
  Max Mhz: 2000, Current Mhz: 2000, Mhz Limit: 2000
Processor Information for processor 6
  Max Mhz: 2000, Current Mhz: 2000, Mhz Limit: 2000
Processor Information for processor 7
  Max Mhz: 2000, Current Mhz: 2000, Mhz Limit: 2000
Processor Information for processor 8
  Max Mhz: 2000, Current Mhz: 1500, Mhz Limit: 1500
Processor Information for processor 9
  Max Mhz: 2000, Current Mhz: 1500, Mhz Limit: 1500
Processor Information for processor 10
  Max Mhz: 2000, Current Mhz: 1500, Mhz Limit: 1500
Processor Information for processor 11
  Max Mhz: 2000, Current Mhz: 1500, Mhz Limit: 1500

Memory: 4k page, system-wide physical 16088M (622M free)
TotalPageFile size 24280M (AvailPageFile size 252M)
current process WorkingSet (physical memory assigned to process): 11M, peak: 11M
current process commit charge ("private bytes"): 64M, peak: 316M

vm_info: OpenJDK 64-Bit Server VM (17.0.9+0--11185874) for windows-amd64 JRE (17.0.9+0--11185874), built on Dec  6 2023 18:57:44 by "androidbuild" with MS VC++ 16.10 / 16.11 (VS2019)

END.
